DFW status and trace log : Wed Jan 08 14:38:36 2014

14:38:36.168 ERROR: no id specified
  SevError(2) : programcontext.cpp : 5450
14:38:36.178 ERROR: target definition defaultTarget has not been created
  Protocol Component : SevError(2) : targetdefinitionmanager.cpp : 5122
DFW status and trace log : Wed Jan 08 14:39:07 2014

14:39:07.435 ERROR: Socket Error. API: recv, SessionId: 248, ReturnCode:  [SystemErrorCode=10053]: SocketHandler::Read
  Protocol Component : SevError(2) : sockethandler.cpp : 102
14:39:07.445 ERROR: Socket Error. API: recv, SessionId: 248, ReturnCode:  [SystemErrorCode=10053]
  Protocol Component : SevError(2) : sockethandler.cpp : 102
14:39:07.445 ERROR: target definition defaultTarget has not been created
  Protocol Component : SevError(2) : targetdefinitionmanager.cpp : 5122
14:39:08.436 ERROR: Socket Error. API: recv, SessionId: 928, ReturnCode:  [SystemErrorCode=10053]: SocketHandler::Read
  Protocol Component : SevError(2) : sockethandler.cpp : 102
14:39:08.436 ERROR: Socket Error. API: recv, SessionId: 928, ReturnCode:  [SystemErrorCode=10053]
  Protocol Component : SevError(2) : sockethandler.cpp : 102
14:39:08.436 ERROR: target definition defaultTarget has not been created
  Protocol Component : SevError(2) : targetdefinitionmanager.cpp : 5122
17:29:03.055 ERROR: Socket Error. API: recv, SessionId: 800, ReturnCode:  [SystemErrorCode=10054]: SocketHandler::Read
  Protocol Component : SevError(2) : sockethandler.cpp : 102
17:29:03.065 ERROR: Socket Error. API: recv, SessionId: 800, ReturnCode:  [SystemErrorCode=10054]
  Protocol Component : SevError(2) : sockethandler.cpp : 102
17:29:03.065 ERROR: target definition defaultTarget has not been created
  Protocol Component : SevError(2) : targetdefinitionmanager.cpp : 5122
17:29:03.065 Operation succeeded: ShutdownServer
  Reason: ERRNone  Severity: ERRSuccessful17:29:03.065 ERROR: target definition defaultTarget has not been created
  Protocol Component : SevError(2) : targetdefinitionmanager.cpp : 5122
