DFW status and trace log : Thu Jan 09 16:10:47 2014

16:10:47.558 ERROR: no id specified
  SevError(2) : programcontext.cpp : 5450
16:10:47.614 ERROR: target definition defaultTarget has not been created
  Protocol Component : SevError(2) : targetdefinitionmanager.cpp : 5122
DFW status and trace log : Thu Jan 09 16:15:08 2014

16:15:08.325 ERROR: Socket Error. API: recv, SessionId: 916, ReturnCode:  [SystemErrorCode=10053]: SocketHandler::Read
  Protocol Component : SevError(2) : sockethandler.cpp : 102
16:15:08.327 ERROR: Socket Error. API: recv, SessionId: 916, ReturnCode:  [SystemErrorCode=10053]
  Protocol Component : SevError(2) : sockethandler.cpp : 102
16:15:08.327 ERROR: target definition defaultTarget has not been created
  Protocol Component : SevError(2) : targetdefinitionmanager.cpp : 5122
16:15:09.341 ERROR: Socket Error. API: recv, SessionId: 896, ReturnCode:  [SystemErrorCode=10053]: SocketHandler::Read
  Protocol Component : SevError(2) : sockethandler.cpp : 102
16:15:09.341 ERROR: Socket Error. API: recv, SessionId: 896, ReturnCode:  [SystemErrorCode=10053]
  Protocol Component : SevError(2) : sockethandler.cpp : 102
16:15:09.341 ERROR: target definition defaultTarget has not been created
  Protocol Component : SevError(2) : targetdefinitionmanager.cpp : 5122
16:28:30.134 ERROR: Socket Error. API: recv, SessionId: 796, ReturnCode:  [SystemErrorCode=10054]: SocketHandler::Read
  Protocol Component : SevError(2) : sockethandler.cpp : 102
16:28:30.134 ERROR: Socket Error. API: recv, SessionId: 796, ReturnCode:  [SystemErrorCode=10054]
  Protocol Component : SevError(2) : sockethandler.cpp : 102
16:28:30.135 ERROR: target definition defaultTarget has not been created
  Protocol Component : SevError(2) : targetdefinitionmanager.cpp : 5122
16:28:30.135 Operation succeeded: ShutdownServer
  Reason: ERRNone  Severity: ERRSuccessful16:28:30.135 ERROR: target definition defaultTarget has not been created
  Protocol Component : SevError(2) : targetdefinitionmanager.cpp : 5122
